make: Nothing to be done for 'all'.
 Node: Tom Hanks at Depth 0
 Node: The Green Mile at Depth 1
 Node: Cast Away at Depth 1
 Node: Road to Perdition at Depth 1
 Node: Catch Me If You Can at Depth 1
 Node: Concert for George at Depth 1
 Node: The Ladykillers at Depth 1
 Node: The Terminal at Depth 1
 Node: The Polar Express at Depth 1
 Node: Elvis Has Left the Building at Depth 1
 Node: The Da Vinci Code at Depth 1
 Node: Charlie Wilson's War at Depth 1
 Node: The Pixar Story at Depth 1
 Node: The Great Buck Howard at Depth 1
 Node: Angels & Demons at Depth 1
 Node: Prohibition at Depth 1
 Node: Larry Crowne at Depth 1
 Node: Extremely Loud and Incredibly Close at Depth 1
 Node: Cloud Atlas at Depth 1
 Node: Captain Phillips at Depth 1
 Node: Saving Mr. Banks at Depth 1
 Node: Ithaca at Depth 1
 Node: Bridge of Spies at Depth 1
 Node: A Hologram for the King at Depth 1
 Node: Inferno at Depth 1
 Node: Sully at Depth 1
 Node: Defying the Nazis: The Sharps' War at Depth 1
 Node: California Typewriter at Depth 1
 Node: The Circle at Depth 1
 Node: The Post at Depth 1
 Node: Greyhound at Depth 1
 Node: A Beautiful Day in the Neighborhood at Depth 1
 Node: News of the World at Depth 1
 Node: Borat Subsequent Moviefilm at Depth 1
 Node: Finch at Depth 1
 Node: Elvis at Depth 1
 Node: Pinocchio at Depth 1
 Node: A Man Called Otto at Depth 1
 Node: Asteroid City at Depth 1
 Node: Here at Depth 1
 Node: William Sadler at Depth 2
 Node: Gary Sinise at Depth 2
 Node: Patricia Clarkson at Depth 2
 Node: Bonnie Hunt at Depth 2
 Node: David Morse at Depth 2
 Node: James Cromwell at Depth 2
 Node: Graham Greene at Depth 2
 Node: Harry Dean Stanton at Depth 2
 Node: Paula Malcomson at Depth 2
 Node: Jeffrey DeMunn at Depth 2
 Node: Eve Brent at Depth 2
 Node: Michael Clarke Duncan at Depth 2
 Node: Doug Hutchison at Depth 2
 Node: Scotty Leavenworth at Depth 2
 Node: Dabbs Greer at Depth 2
 Node: Bill McKinney at Depth 2
 Node: Brent Briscoe at Depth 2
 Node: Barry Pepper at Depth 2
 Node: Sam Rockwell at Depth 2
 Node: Michael Jeter at Depth 2
 Node: Helen Hunt at Depth 2
 Node: Nick Searcy at Depth 2
 Node: Chris Noth at Depth 2
 Node: Nan Martin at Depth 2
 Node: Jenifer Lewis at Depth 2
 Node: Elden Henson at Depth 2
 Node: Christopher Kriesa at Depth 2
 Node: Geoffrey Blake at Depth 2
 Node: Timothy Stack at Depth 2
 Node: Valerie Wildman at Depth 2
 Node: Jay Acovone at Depth 2
 Node: David Allen Brooks at Depth 2
 Node: Paul Sanchez at Depth 2
 Node: Daniel Craig at Depth 2
 Node: Paul Newman at Depth 2
 Node: Jude Law at Depth 2
 Node: Liam Aiken at Depth 2
 Node: Stanley Tucci at Depth 2
 Node: Jennifer Jason Leigh at Depth 2
 Node: Anthony LaPaglia at Depth 2
 Node: Ciarán Hinds at Depth 2
 Node: Tyler Hoechlin at Depth 2
 Node: Harry Groener at Depth 2
 Node: Dylan Baker at Depth 2
 Node: Kevin Chamberlin at Depth 2
 Node: Christian Stolte at Depth 2
 Node: James Greene at Depth 2
 Node: JoBe Cerny at Depth 2
 Node: Kerry Rossall at Depth 2
 Node: David Darlow at Depth 2
 Node: Sean Connery at Depth 2
 Node: Leonardo DiCaprio at Depth 2
 Node: Nathalie Baye at Depth 2
 Node: Frank Abagnale at Depth 2
 Node: Amy Acker at Depth 2
 Node: Jennifer Garner at Depth 2
 Node: Martin Sheen at Depth 2
 Node: Christopher Walken at Depth 2
 Node: Ellen Pompeo at Depth 2
 Node: Elizabeth Banks at Depth 2
 Node: Honor Blackman at Depth 2
 Node: Sarah Lancaster at Depth 2
 Node: Jessica Collins at Depth 2
 Node: Jaime Ray Newman at Depth 2
 Node: James Brolin at Depth 2
 Node: Kitty Carlisle at Depth 2
 Node: Lilyan Chauvin at Depth 2
 Node: James Morrison at Depth 2
 Node: Beverly Lynne at Depth 2
 Node: Jasmine Jessica Anthony at Depth 2
 Node: Brian Howe at Depth 2
 Node: Amy Adams at Depth 2
 Node: Q708059 at Depth 2
 Node: Jeremy Howard at Depth 2
 Node: Jesse Heiman at Depth 2
 Node: Gerald R. Molen at Depth 2
 Node: Jimmie F. Skaggs at Depth 2
 Node: John Finn at Depth 2
 Node: Kaitlin Doubleday at Depth 2
 Node: Robert Curtis Brown at Depth 2
 Node: Alex Hyde-White at Depth 2
 Node: Kam Heskin at Depth 2
 Node: Guy Thauvette at Depth 2
 Node: Joe Garagiola Sr. at Depth 2
 Node: Roger Léger at Depth 2
 Node: Steve Eastin at Depth 2
 Node: Nancy Lenehan at Depth 2
 Node: Alfred Dennis at Depth 2
 Node: Brian Goodman at Depth 2
 Node: Candice Azzara at Depth 2
 Node: Margaret Travolta at Depth 2
 Node: Robert Symonds at Depth 2
 Node: Thomas Kopache at Depth 2
 Node: Dave Hager at Depth 2
 Node: Malachi Throne at Depth 2
 Node: Nick Zano at Depth 2
 Node: Stephen Dunham at Depth 2
 Node: Frank John Hughes at Depth 2
 Node: Paul McCartney at Depth 2
 Node: Eric Clapton at Depth 2
 Node: Olivia Harrison at Depth 2
 Node: Ryan Hurst at Depth 2
 Node: Jeremy Suarez at Depth 2
 Node: Robert Baker at Depth 2
 Node: Aldis Hodge at Depth 2
 Node: Irma P. Hall at Depth 2
 Node: George Wallace at Depth 2
 Node: Jason Weaver at Depth 2
 Node: John McConnell at Depth 2
 Node: Freda Foh Shen at Depth 2
 Node: J. K. Simmons at Depth 2
 Node: Blake Clark at Depth 2
 Node: Greg Grunberg at Depth 2
 Node: Bruce Campbell at Depth 2
 Node: Marlon Wayans at Depth 2
 Node: Diane Delano at Depth 2
 Node: Stephen Root at Depth 2
 Node: Tzi Ma at Depth 2
 Node: Mel Rodriguez at Depth 2
 Node: Catherine Zeta-Jones at Depth 2
 Node: Benny Golson at Depth 2
 Node: Zoe Saldaña at Depth 2
 Node: Diego Luna at Depth 2
 Node: Chi McBride at Depth 2
 Node: Michael Nouri at Depth 2
 Node: Jude Ciccolella at Depth 2
 Node: Barry Shabaka Henley at Depth 2
 Node: Mark Ivanir at Depth 2
 Node: Corey Reynolds at Depth 2
 Node: Guillermo Díaz at Depth 2
 Node: Kumar Pallana at Depth 2
 Node: Eddie Jones at Depth 2
 Node: Kenneth Choi at Depth 2
 Node: Scott Adsit at Depth 2
 Node: Cas Anvar at Depth 2
 Node: Nona Gaye at Depth 2
 Node: Charles Fleischer at Depth 2
 Node: Eddie Deezen at Depth 2
 Node: Peter Scolari at Depth 2
 Node: Leslie Zemeckis at Depth 2
 Node: Steven Tyler at Depth 2
 Node: Josh Hutcherson at Depth 2
 Node: Kim Basinger at Depth 2
 Node: John Corbett at Depth 2
 Node: Sean Astin at Depth 2
 Node: Denise Richards at Depth 2
 Node: Billy Ray Cyrus at Depth 2
 Node: Angie Dickinson at Depth 2
 Node: Annie Potts at Depth 2
 Node: Pat Morita at Depth 2
 Node: Phill Lewis at Depth 2
 Node: David Leisure at Depth 2
 Node: Richard Kind at Depth 2
 Node: Wayne Newton at Depth 2
 Node: Kevin Levrone at Depth 2
 Node: Mike Starr at Depth 2
 Node: Joel Zwick at Depth 2
 Node: Madison McReynolds at Depth 2
 Node: Philip Charles MacKenzie at Depth 2
 Node: Megan Hollingshead at Depth 2
 Node: Gil McKinney at Depth 2
 Node: Jocelyn Towne at Depth 2
 Node: Jenny Gabrielle at Depth 2
 Node: William Sterchi at Depth 2
 Node: Ivan Brutsche at Depth 2
 Node: Arron Shiver at Depth 2
 Node: David House at Depth 2
 Node: Vic Browder at Depth 2
 Node: J.D. Garfield at Depth 2
 Node: Albert Fry, Jr. at Depth 2
 Node: Marya Beauvais at Depth 2
 Node: Catherine Haun at Depth 2
 Node: Robyn Reede at Depth 2
 Node: Tonio Descanvelle at Depth 2
 Node: Jean Reno at Depth 2
 Node: Jürgen Prochnow at Depth 2
 Node: Ian McKellen at Depth 2
 Node: Paul Bettany at Depth 2
 Node: Jean-Yves Berteloot at Depth 2
 Node: Étienne Chicot at Depth 2
 Node: Alfred Molina at Depth 2
 Node: Audrey Tautou at Depth 2
 Node: Jean-Pierre Marielle at Depth 2
 Node: Hugh Mitchell at Depth 2
 Node: Seth Gabel at Depth 2
 Node: Marie-Françoise Audollent at Depth 2
 Node: Denis Podalydès at Depth 2
 Node: Agathe Natanson at Depth 2
 Node: David Saracino at Depth 2
 Node: Xavier de Guillebon at Depth 2
 Node: Francesco Carnelutti at Depth 2
 Node: David Bark-Jones at Depth 2
 Node: P. J. Byrne at Depth 2
 Node: Joseph Sikora at Depth 2
 Node: Ned Beatty at Depth 2
 Node: Julia Roberts at Depth 2
 Node: Om Puri at Depth 2
 Node: Rachel Nichols at Depth 2
 Node: Shaun Toub at Depth 2
 Node: Philip Seymour Hoffman at Depth 2
 Node: Brian Markinson at Depth 2
 Node: Emily Blunt at Depth 2
 Node: Shiri Appleby at Depth 2
 Node: Jud Tylor at Depth 2
 Node: Pavel Lychnikoff at Depth 2
 Node: Faran Tahir at Depth 2
 Node: John Slattery at Depth 2
 Node: Mozhan Marnò at Depth 2
 Node: Aharon Ipalé at Depth 2
 Node: Spencer Garrett at Depth 2
 Node: Kurt Yaeger at Depth 2
 Node: Patrika Darbo at Depth 2
 Node: Christopher Denham at Depth 2
 Node: Anthony Azizi at Depth 2
 Node: Denis O'Hare at Depth 2
 Node: Erick Avari at Depth 2
 Node: Ken Stott at Depth 2
 Node: Navid Negahban at Depth 2
 Node: Peter Gerety at Depth 2
 Node: Nazanin Boniadi at Depth 2
 Node: Cyia Batten at Depth 2
 Node: Kevin Cooney at Depth 2
 Node: Jud Taylor at Depth 2
 Node: Mary Bonner Baker at Depth 2
 Node: Wynn Everett at Depth 2
 Node: Michael Spellman at Depth 2
 Node: Sammy Sheik at Depth 2
 Node: Tracy Phillips at Depth 2
 Node: Walt Disney at Depth 2
 Node: Steve Jobs at Depth 2
 Node: George Lucas at Depth 2
 Node: Edwin Catmull at Depth 2
 Node: Billy Crystal at Depth 2
 Node: Tim Allen at Depth 2
 Node: John Lasseter at Depth 2
 Node: Brad Bird at Depth 2
 Node: Stacy Keach at Depth 2
 Node: Randy Newman at Depth 2
 Node: Andrew Stanton at Depth 2
 Node: Pete Docter at Depth 2
 Node: Roy E. Disney at Depth 2
 Node: Lee Unkrich at Depth 2
 Node: Ollie Johnston at Depth 2
 Node: Joe Ranft at Depth 2
 Node: Michael Eisner at Depth 2
 Node: Leonard Maltin at Depth 2
 Node: John Musker at Depth 2
 Node: Ron Clements at Depth 2
 Node: Frank Thomas at Depth 2
 Node: Don Hahn at Depth 2
 Node: Dennis Muren at Depth 2
 Node: Darla K. Anderson at Depth 2
 Node: Alvy Ray Smith at Depth 2
 Node: Peter Schneider at Depth 2
 Node: Colin Hanks at Depth 2
 Node: Tom Arnold at Depth 2
 Node: David Blaine at Depth 2
 Node: Regis Philbin at Depth 2
 Node: Casey Wilson at Depth 2
 Node: Griffin Dunne at Depth 2
 Node: Conan O'Brien at Depth 2
 Node: Steve Zahn at Depth 2
 Node: Michael Winslow at Depth 2
 Node: Patrick Fischler at Depth 2
 Node: Wallace Langham at Depth 2
 Node: Kelly Ripa at Depth 2
 Node: David Anthony Higgins at Depth 2
 Node: Don Most at Depth 2
 Node: Nate Hartley at Depth 2
 Node: Ricky Jay at Depth 2
 Node: Kimberly Scott at Depth 2
 Node: Sandy Martin at Depth 2
 Node: Mary Hart at Depth 2
 Node: Norm O'Neill at Depth 2
 Node: Stacey Travis at Depth 2
 Node: Max Williams at Depth 2
 Node: Paul Simon at Depth 2
 Node: George Takei at Depth 2
 Node: John Malkovich at Depth 2
 Node: Adam Scott at Depth 2
 Node: Jon Stewart at Depth 2
 Node: Jay Leno at Depth 2
 Node: Martha Stewart at Depth 2
 Node: Debra Monk at Depth 2
 Node: Gary Coleman at Depth 2
 Node: Matthew Gray Gubler at Depth 2
 Node: Thomas Morris at Depth 2
 Node: Norbert Weisser at Depth 2
 Node: Armin Mueller-Stahl at Depth 2
 Node: Ewan McGregor at Depth 2
 Node: Stellan Skarsgård at Depth 2
 Node: Ayelet Zurer at Depth 2
 Node: Cosimo Fusco at Depth 2
 Node: Nikolaj Lie Kaas at Depth 2
 Node: Thure Lindhardt at Depth 2
 Node: Pierfrancesco Favino at Depth 2
 Node: Ben Bela Böhm at Depth 2
 Node: Elya Baskin at Depth 2
 Node: Steven Franken at Depth 2
 Node: Kristof Konrad at Depth 2
 Node: Rance Howard at Depth 2
 Node: Gino Conforti at Depth 2
 Node: Anna Katarina at Depth 2
 Node: Emanuele Secci at Depth 2
 Node: Victor Alfieri at Depth 2
 Node: Slim Khezri at Depth 2
 Node: Jimmy Clabots at Depth 2
 Node: Vincent De Paul at Depth 2
 Node: August Wittgenstein at Depth 2
 Node: Curt Lowens at Depth 2
 Node: Carmen Argenziano at Depth 2
 Node: Blythe Danner at Depth 2
 Node: Josh Lucas at Depth 2
 Node: Jeremy Irons at Depth 2
 Node: Samuel L. Jackson at Depth 2
 Node: Paul Giamatti at Depth 2
 Node: Amy Madigan at Depth 2
 Node: Frances Sternhagen at Depth 2
 Node: Sam Waterston at Depth 2
 Node: John Lithgow at Depth 2
 Node: Adam Arkin at Depth 2
 Node: Oliver Platt at Depth 2
 Node: Peter Coyote at Depth 2
 Node: Campbell Scott at Depth 2
 Node: Philip Bosco at Depth 2
 Node: Bryan Cranston at Depth 2
 Node: Nia Vardalos at Depth 2
 Node: Dale Dye at Depth 2
 Node: Maria Canals-Barrera at Depth 2
 Node: Pam Grier at Depth 2
 Node: Rita Wilson at Depth 2
 Node: Taraji P. Henson at Depth 2
 Node: Holmes Osborne at Depth 2
 Node: Wilmer Valderrama at Depth 2
 Node: Rami Malek at Depth 2
 Node: Cedric the Entertainer at Depth 2
 Node: Sarah Lévy at Depth 2
 Node: Jon Seda at Depth 2
 Node: Rob Riggle at Depth 2
 Node: Gugu Mbatha-Raw at Depth 2
 Node: Malcolm Barrett at Depth 2
 Node: Grace Gummer at Depth 2
 Node: Sy Richardson at Depth 2
 Node: Tina Huang at Depth 2
 Node: Roxana Ortega at Depth 2
 Node: Sandra Bullock at Depth 2
 Node: Max von Sydow at Depth 2
 Node: John Goodman at Depth 2
 Node: Viola Davis at Depth 2
 Node: James Gandolfini at Depth 2
 Node: Chris Hardwick at Depth 2
 Node: Jeffrey Wright at Depth 2
 Node: Thomas Horn at Depth 2
 Node: Jim Norton at Depth 2
 Node: Zoe Caldwell at Depth 2
 Node: Stephen McKinley Henderson at Depth 2
 Node: Stephen Henderson at Depth 2
 Node: Adrian Martinez at Depth 2
 Node: Madison Arnold at Depth 2
 Node: Catherine Curtin at Depth 2
 Node: Shaun Lawton at Depth 2
 Node: Robert Fyfe at Depth 2
 Node: Alistair Petrie at Depth 2
 Node: Amanda Walker at Depth 2
 Node: Zhu Zhu at Depth 2
 Node: Mya-Lecia Naylor at Depth 2
 Node: Nikko Weidemann at Depth 2
 Node: Victor Solé at Depth 2
 Node: Rose Wakesho at Depth 2
 Node: David Mitchell at Depth 2
 Node: Hugo Weaving at Depth 2
 Node: Götz Otto at Depth 2
 Node: Martin Wuttke at Depth 2
 Node: Marie Rönnebeck at Depth 2
 Node: Susan Sarandon at Depth 2
 Node: Hugh Grant at Depth 2
 Node: Jim Broadbent at Depth 2
 Node: Zhou Xun at Depth 2
 Node: Bae Doona at Depth 2
 Node: Ben Whishaw at Depth 2
 Node: Keith David at Depth 2
 Node: Jim Sturgess at Depth 2
 Node: James D'Arcy at Depth 2
 Node: Halle Berry at Depth 2
 Node: Daniele Rizzo at Depth 2
 Node: David Gyasi at Depth 2
 Node: Heike Hanold-Lynch at Depth 2
 Node: Katy Karrenbauer at Depth 2
 Node: Laura Vietzen at Depth 2
 Node: Thomas Kügel at Depth 2
 Node: Catherine Keener at Depth 2
 Node: Corey Johnson at Depth 2
 Node: Chris Mulkey at Depth 2
 Node: Max Martini at Depth 2
 Node: David Warshofsky at Depth 2
 Node: Angus MacInnes at Depth 2
 Node: John Magaro at Depth 2
 Node: Louis Mahoney at Depth 2
 Node: Maria Dizzia at Depth 2
 Node: Omar Berdouni at Depth 2
 Node: Riann Steele at Depth 2
 Node: Yul Vazquez at Depth 2
 Node: Barkhad Abdi at Depth 2
 Node: Faysal Ahmed at Depth 2
 Node: Michael Chernus at Depth 2
 Node: Vincenzo Nicoli at Depth 2
 Node: Mark Holden at Depth 2
 Node: Emma Thompson at Depth 2
 Node: Colin Farrell at Depth 2
 Node: Rachel Griffiths at Depth 2
 Node: Kathy Baker at Depth 2
 Node: Ruth Wilson at Depth 2
 Node: Jason Schwartzman at Depth 2
 Node: Bradley Whitford at Depth 2
 Node: B. J. Novak at Depth 2
 Node: Melanie Paxson at Depth 2
 Node: Ronan Vibert at Depth 2
 Node: Victoria Summer at Depth 2
 Node: Demetrius Grosse at Depth 2
 Node: Kristopher Kyer at Depth 2
 Node: Mia Serafino at Depth 2
 Node: Annie Rose Buckley at Depth 2
 Node: Melanie Griffith at Depth 2
 Node: Sam Shepard at Depth 2
 Node: Hamish Linklater at Depth 2
 Node: Jack Quaid at Depth 2
 Node: Gabriel Basso at Depth 2
 Node: Alex Neustaedter at Depth 2
 Node: Meg Ryan at Depth 2
 Node: Michael Kranz at Depth 2
 Node: Michael Schenk at Depth 2
 Node: Petra Marie Cammin at Depth 2
 Node: Peter McRobbie at Depth 2
 Node: Joe Forbrich at Depth 2
 Node: Victor Schefé at Depth 2
 Node: Mikhail Gorevoy at Depth 2
 Node: Eve Hewson at Depth 2
 Node: Ashlie Atkinson at Depth 2
 Node: Austin Stowell at Depth 2
 Node: Brian Hutchison at Depth 2
 Node: Stephen Kunken at Depth 2
 Node: DJ Lubel at Depth 2
 Node: Kai Meyer at Depth 2
 Node: Rafael Gareisen at Depth 2
 Node: Maik Rogge at Depth 2
 Node: Steven Boyer at Depth 2
 Node: Scott Shepherd at Depth 2
 Node: Rainer Reiners at Depth 2
 Node: Noah Schnapp at Depth 2
 Node: Will Rogers at Depth 2
 Node: Sebastian Koch at Depth 2
 Node: Burghart Klaußner at Depth 2
 Node: Joachim Paul Assböck at Depth 2
 Node: Amy Ryan at Depth 2
 Node: Alan Alda at Depth 2
 Node: Mark Rylance at Depth 2
 Node: Michael Gaston at Depth 2
 Node: Joshua Harto at Depth 2
 Node: Domenick Lombardozzi at Depth 2
 Node: Billy Magnussen at Depth 2
 Node: Jesse Plemons at Depth 2
 Node: Dakin Matthews at Depth 2
 Node: Nadja Bobyleva at Depth 2
 Node: Tim Morten Uhlenbrock at Depth 2
 Node: Frederic Heidorn at Depth 2
 Node: Nina Gummich at Depth 2
 Node: Greta Galisch de Palma at Depth 2
 Node: Ivan Shvedoff at Depth 2
 Node: James Lorinz at Depth 2
 Node: Merab Ninidze at Depth 2
 Node: Mark Zak at Depth 2
 Node: Max Kidd at Depth 2
 Node: Maximilian Mauff at Depth 2
 Node: Lewis Rainer at Depth 2
 Node: Atheer Adel at Depth 2
 Node: Tracey Fairaway at Depth 2
 Node: David Menkin at Depth 2
 Node: Jay Abdo at Depth 2
 Node: Tom Skerritt at Depth 2
 Node: Alex Black at Depth 2
 Node: Sidse Babett Knudsen at Depth 2
 Node: Sarita Choudhury at Depth 2
 Node: Rolf Saxon at Depth 2
 Node: Michael Baral at Depth 2
 Node: Michael Ihnow at Depth 2
 Node: Dhafer L'Abidine at Depth 2
 Node: Jeff Burrell at Depth 2
 Node: Jeff Fahey at Depth 2
 Node: Mirjam Novak at Depth 2
 Node: Felicity Jones at Depth 2
 Node: Ben Foster at Depth 2
 Node: Omar Sy at Depth 2
 Node: Irrfan Khan at Depth 2
 Node: Vincent Riotta at Depth 2
 Node: Attila Árpa at Depth 2
 Node: Lili Gesler at Depth 2
 Node: Xavier Laurent at Depth 2
 Node: Fausto Maria Sciarappa at Depth 2
 Node: Francesca Inaudi at Depth 2
 Node: Vincenzo Tanassi at Depth 2
 Node: Mehmet Ergen at Depth 2
 Node: Paul Ritter at Depth 2
 Node: Philip Arditti at Depth 2
 Node: Gábor Nagypál at Depth 2
 Node: Fortunato Cerlino at Depth 2
 Node: Ana Ularu at Depth 2
 Node: Björn Freiberg at Depth 2
 Node: Bálint Adorjáni at Depth 2
 Node: Peter Linka at Depth 2
 Node: Simone Mariani at Depth 2
 Node: Maria Grazia Mandruzzato at Depth 2
 Node: Sardar Tagirovsky at Depth 2
 Node: Ida Darvish at Depth 2
 Node: Alessandro Fabrizi at Depth 2
 Node: Mario Acampa at Depth 2
 Node: Robin Mugnaini at Depth 2
 Node: Chris Bauer at Depth 2
 Node: Aaron Eckhart at Depth 2
 Node: David Letterman at Depth 2
 Node: Laura Linney at Depth 2
 Node: Katie Couric at Depth 2
 Node: Autumn Reeser at Depth 2
 Node: Valerie Mahaffey at Depth 2
 Node: Anna Gunn at Depth 2
 Node: Michael Rapaport at Depth 2
 Node: Sam Huntington at Depth 2
 Node: Molly Hagan at Depth 2
 Node: Ann Cusack at Depth 2
 Node: Mike O'Malley at Depth 2
 Node: Jerry Ferrara at Depth 2
 Node: Holt McCallany at Depth 2
 Node: Max Adler at Depth 2
 Node: Jamey Sheridan at Depth 2
 Node: Jeffrey Nordling at Depth 2
 Node: Jeff Kober at Depth 2
 Node: Robert Pralgo at Depth 2
 Node: Gary Weeks at Depth 2
 Node: Wayne Bastrup at Depth 2
 Node: Jeremy Luke at Depth 2
 Node: Christopher Curry at Depth 2
 Node: Molly Bernard at Depth 2
 Node: Shane P. Allen at Depth 2
 Node: Blake Jones at Depth 2
 Node: Patch Darragh at Depth 2
 Node: Pascal Yen-Pfister at Depth 2
 Node: Marianne Sägebrecht at Depth 2
 Node: Anatole Taubman at Depth 2
 Node: Antoine Monot Jr. at Depth 2
 Node: Sven Schelker at Depth 2
 Node: Matthias Hungerbühler at Depth 2
 Node: Emma Watson at Depth 2
 Node: Bill Paxton at Depth 2
 Node: Karen Gillan at Depth 2
 Node: Patton Oswalt at Depth 2
 Node: Ellen Wong at Depth 2
 Node: Smith Cho at Depth 2
 Node: Glenne Headly at Depth 2
 Node: Nick Valensi at Depth 2
 Node: John Boyega at Depth 2
 Node: Jimmy Wong at Depth 2
 Node: Poorna Jagannathan at Depth 2
 Node: Nate Corddry at Depth 2
 Node: Ellar Coltrane at Depth 2
 Node: Meryl Streep at Depth 2
 Node: Neal Huff at Depth 2
 Node: Alison Brie at Depth 2
 Node: Sarah Paulson at Depth 2
 Node: Stark Sands at Depth 2
 Node: Matthew Rhys at Depth 2
 Node: Bruce Greenwood at Depth 2
 Node: David Cross at Depth 2
 Node: Michael Stuhlbarg at Depth 2
 Node: Deirdre Lovejoy at Depth 2
 Node: Jennifer Dundas at Depth 2
 Node: Cotter Smith at Depth 2
 Node: Bob Odenkirk at Depth 2
 Node: Tracy Letts at Depth 2
 Node: David Aaron Baker at Depth 2
 Node: Dan Bucatinsky at Depth 2
 Node: Philip Casnoff at Depth 2
 Node: Kenneth Tigar at Depth 2
 Node: Will Denton at Depth 2
 Node: David Costabile at Depth 2
 Node: Carolyn McCormick at Depth 2
 Node: Pat Healy at Depth 2
 Node: James Riordan at Depth 2
 Node: Jessie Mueller at Depth 2
 Node: Kelly AuCoin at Depth 2
 Node: Richard Holmes at Depth 2
 Node: Susan Blackwell at Depth 2
 Node: Zach Woods at Depth 2
 Node: Annika Boras at Depth 2
 Node: Carrie Coon at Depth 2
 Node: Armand Schultz at Depth 2
 Node: Michael Cyril Creighton at Depth 2
 Node: Gary Wilmes at Depth 2
 Node: Justin Swain at Depth 2
 Node: John Rue at Depth 2
 Node: Brent Langdon at Depth 2
 Node: Christopher Innvar at Depth 2
 Node: Tom Bair at Depth 2
 Node: Thomas Kretschmann at Depth 2
 Node: Elisabeth Shue at Depth 2
 Node: Stephen Graham at Depth 2
 Node: Grayson Russell at Depth 2
 Node: Dominic Keating at Depth 2
 Node: Ian James Corlett at Depth 2
 Node: Dave Davis at Depth 2
 Node: Michael Benz at Depth 2
 Node: Tom Brittney at Depth 2
 Node: Devin Druid at Depth 2
 Node: Josh Wiggins at Depth 2
 Node: Karl Glusman at Depth 2
 Node: Chet Hanks at Depth 2
 Node: Manuel Garcia-Rulfo at Depth 2
 Node: Rob Morgan at Depth 2
 Node: Maximilian Osinski at Depth 2
 Node: Matt Helm at Depth 2
 Node: Wendy Makkena at Depth 2
 Node: Chris Cooper at Depth 2
 Node: Maddie Corman at Depth 2
 Node: Enrico Colantoni at Depth 2
 Node: Tammy Blanchard at Depth 2
 Node: Sakina Jaffrey at Depth 2
 Node: Maryann Plunkett at Depth 2
 Node: Susan Kelechi Watson at Depth 2
 Node: Elizabeth Marvel at Depth 2
 Node: Mare Winningham at Depth 2
 Node: Ray McKinnon at Depth 2
 Node: Bill Camp at Depth 2
 Node: Chuk Iwuji at Depth 2
 Node: Neil Sandilands at Depth 2
 Node: Gabriel Ebert at Depth 2
 Node: Thomas Francis Murphy at Depth 2
 Node: Truman Hanks at Depth 2
 Node: Helena Zengel at Depth 2
 Node: Tom Astor at Depth 2
 Node: Michael Angelo Covino at Depth 2
 Node: Winsome Brown at Depth 2
 Node: Fred Hechinger at Depth 2
 Node: Jeffrey Ware at Depth 2
 Node: Chris Bylsma at Depth 2
 Node: Brenden Wedner at Depth 2
 Node: Mike Pence at Depth 2
 Node: Sacha Baron Cohen at Depth 2
 Node: Rudy Giuliani at Depth 2
 Node: Maria Bakalova at Depth 2
 Node: Judith Dim Evans at Depth 2
 Node: Caleb Landry Jones at Depth 2
 Node: Nicholas Bell at Depth 2
 Node: Terepai Richmond at Depth 2
 Node: Olivia DeJonge at Depth 2
 Node: Dacre Montgomery at Depth 2
 Node: Kate Mulvany at Depth 2
 Node: Christopher Sommers at Depth 2
 Node: Josh McConville at Depth 2
 Node: Natasha Bassett at Depth 2
 Node: Kelvin Harrison Jr. at Depth 2
 Node: Mark Leonard Winter at Depth 2
 Node: Yola at Depth 2
 Node: Alton Mason at Depth 2
 Node: Helen Thomson at Depth 2
 Node: Christian McCarty at Depth 2
 Node: Chaydon Jay at Depth 2
 Node: Patrick Sheare at Depth 2
 Node: Adam Dunn at Depth 2
 Node: Alex Radu at Depth 2
 Node: Mike Bingaman at Depth 2
 Node: David Gannon at Depth 2
 Node: Tony Nixon at Depth 2
 Node: Gareth Davies at Depth 2
 Node: Shonka Dukureh at Depth 2
 Node: David Wenham at Depth 2
 Node: Xavier Samuel at Depth 2
 Node: Richard Roxburgh at Depth 2
 Node: Austin Butler at Depth 2
 Node: Kodi Smit-McPhee at Depth 2
 Node: Gary Clark Jr. at Depth 2
 Node: Luke Bracey at Depth 2
 Node: Leon Ford at Depth 2
 Node: Giuseppe Battiston at Depth 2
 Node: Joseph Gordon-Levitt at Depth 2
 Node: Lorraine Bracco at Depth 2
 Node: Luke Evans at Depth 2
 Node: Keegan-Michael Key at Depth 2
 Node: Cynthia Erivo at Depth 2
 Node: Sheila Atim at Depth 2
 Node: Lewin Lloyd at Depth 2
 Node: Benjamin Evan Ainsworth at Depth 2
 Node: Kyanne Lamaya at Depth 2
 Node: Mike Birbiglia at Depth 2
 Node: Juanita Jennings at Depth 2
 Node: Peter Lawson Jones at Depth 2
 Node: Mariana Treviño at Depth 2
 Node: Rachel Keller at Depth 2
 Node: Cameron Britton at Depth 2
 Node: John Higgins at Depth 2
 Node: Paul Kynman at Depth 2
 Node: Sam Marra at Depth 2
 Node: Ara Hollyday at Depth 2
 Node: Kenneth Bate at Depth 2
 Node: Sandy Hamilton at Depth 2
 Node: Roberto Moreno De Matias at Depth 2
 Node: Francisco Serrano at Depth 2
 Node: Jacinto Domingo Torija at Depth 2
 Node: Alvaro Olivas Marques at Depth 2
 Node: Yann Tremblay at Depth 2
 Node: Sébastien Fouassier at Depth 2
 Node: Carlos Arimón at Depth 2
 Node: Antonio Graziano at Depth 2
 Node: Nuria Gigorro at Depth 2
 Node: Raquel Jiménez Martínez at Depth 2
 Node: Jorge Francisco Mena Garcia at Depth 2
 Node: Ana Isabel Comendador Martínez at Depth 2
 Node: Carlos Saez at Depth 2
 Node: Karine Niederman at Depth 2
 Node: Jesús Olivas Santos at Depth 2
 Node: José Luis Figueroa at Depth 2
 Node: Pascale Coppola at Depth 2
 Node: Milagros Ahijon at Depth 2
 Node: Paula Domingo at Depth 2
 Node: Crístian García Jiménez at Depth 2
 Node: Robert Tattam at Depth 2
 Node: Eusebio Mateo Díaz at Depth 2
 Node: Valérie Sadoun at Depth 2
 Node: Erica Dorn at Depth 2
 Node: Julia Kruger at Depth 2
 Node: Anisse Elias at Depth 2
 Node: Rebecca Cornford at Depth 2
 Node: Avery Looser at Depth 2
 Node: Guy Trevellyan at Depth 2
 Node: Honor Northridge at Depth 2
 Node: Eliel Ford at Depth 2
 Node: Caris Yeoman at Depth 2
 Node: Yann Pozzoli at Depth 2
 Node: Sonia Gascón at Depth 2
 Node: Marian Huélamo at Depth 2
 Node: Timothy Cordukes at Depth 2
 Node: Marta Rubio at Depth 2
 Node: Susana Hornos at Depth 2
 Node: Alicia San Lorenzo at Depth 2
 Node: Palmira Ferrer at Depth 2
 Node: Jose Antonio Turiégano Carrasco at Depth 2
 Node: Pilar Ramírez Escalona at Depth 2
 Node: Virginia Romano Álvarez at Depth 2
 Node: Milagros Reyeros Ruiz at Depth 2
 Node: Jonatan Buitrago Díaz at Depth 2
 Node: Ricardo Mohedas Tiñana at Depth 2
 Node: Carlos Arroyo at Depth 2
 Node: Ismael González Carrasco at Depth 2
 Node: Celedonio Guijarro Cano at Depth 2
 Node: Juan Abad Molina at Depth 2
 Node: Jose Segovia Ortiz at Depth 2
 Node: Enrique Ruiz Granado at Depth 2
 Node: Juan Carlos Iglesias Gómez at Depth 2
 Node: Óscar Mínguez García Patrón at Depth 2
 Node: David Navarro Romero at Depth 2
 Node: Javier Gigorro De Las Peñas at Depth 2
 Node: Alejandro García Aparicio at Depth 2
 Node: Diego Maldonado Davila at Depth 2
 Node: David Rodríguez Moreno at Depth 2
 Node: Mario Perez Lomas at Depth 2
 Node: Alejandro Urbina Escalona at Depth 2
 Node: David Verdejo Escribano at Depth 2
 Node: Adrián Corpa Fernández at Depth 2
 Node: Jesús Jiménez Caler at Depth 2
 Node: Francisco Corrales Rubio at Depth 2
 Node: Sergio Martinez Martinez at Depth 2
 Node: Félix Israel Pinilla De La Guia at Depth 2
 Node: Mario Turiégano Delgado at Depth 2
 Node: Pedro Padilla Perez at Depth 2
 Node: Matthew Frasure at Depth 2
 Node: Chris Faris at Depth 2
 Node: Erika Godwin at Depth 2
 Node: Sara Greisberg at Depth 2
 Node: Manuela Martinez Zafra at Depth 2
 Node: Scarlett Johansson at Depth 2
 Node: Adrien Brody at Depth 2
 Node: Jeff Goldblum at Depth 2
 Node: Edward Norton at Depth 2
 Node: Willem Dafoe at Depth 2
 Node: Matt Dillon at Depth 2
 Node: Tilda Swinton at Depth 2
 Node: Steve Carell at Depth 2
 Node: Hope Davis at Depth 2
 Node: Aimee Mullins at Depth 2
 Node: Liev Schreiber at Depth 2
 Node: Rupert Friend at Depth 2
 Node: Jarvis Cocker at Depth 2
 Node: Fisher Stevens at Depth 2
 Node: Bob Balaban at Depth 2
 Node: Seu Jorge at Depth 2
 Node: Margot Robbie at Depth 2
 Node: Jean-Yves Lozac'h at Depth 2
 Node: Rodolphe Pauly at Depth 2
 Node: Deanna Dunagan at Depth 2
 Node: Iván López at Depth 2
 Node: Steve Park at Depth 2
 Node: Jay Lau at Depth 2
 Node: Marcos Pereiro at Depth 2
 Node: Tony Revolori at Depth 2
 Node: Stéphane Bak at Depth 2
 Node: Carmen Méndez at Depth 2
 Node: Junior Harris at Depth 2
 Node: Guillermo Garcia at Depth 2
 Node: Ainhoa Aldanondo at Depth 2
 Node: Tom Hudson at Depth 2
 Node: Ethan Josh Lee at Depth 2
 Node: Damien Bonnard at Depth 2
 Node: Randall Poster at Depth 2
 Node: Hong Chau at Depth 2
 Node: Sophia Lillis at Depth 2
 Node: Francisco Javier Gomez at Depth 2
 Node: Maya Hawke at Depth 2
 Node: Christian Bate at Depth 2
 Node: Jake Ryan at Depth 2
 Node: Pablo Amorós at Depth 2
 Node: Elvira Arce at Depth 2
 Node: Nicolas Avinée at Depth 2
 Node: Matilda Clarke at Depth 2
 Node: Patricia Colin at Depth 2
 Node: Dominique Fouassier at Depth 2
 Node: Mohamed Belhadjine at Depth 2
 Node: Elena Uriz at Depth 2
 Node: Grace Edwards at Depth 2
 Node: Henry Rhoades at Depth 2
 Node: Aristou Meehan at Depth 2
 Node: Ella Faris at Depth 2
 Node: Gracie Faris at Depth 2
 Node: Willan Faris at Depth 2
 Node: Vandi Clark at Depth 2
 Node: Pedro Placer at Depth 2
 Node: Aaron Ziobrowski at Depth 2
 Node: Celia Bermejo at Depth 2
 Node: Zoe Bernard at Depth 2
 Node: Brayden Frasure at Depth 2
 Node: Preston Mota at Depth 2
 Node: Kyleigh Fuller at Depth 2
 Node: Jack Eyman at Depth 2
 Node: Sebastian Stephens at Depth 2
 Node: Willa Skye at Depth 2
 Node: Annalise Mackulin at Depth 2
 Node: Calhoun Metcalf at Depth 2
 Node: Pere Mallén at Depth 2
 Node: Ramón Ródenas at Depth 2
 Node: Katy Heffernan Smith at Depth 2
 Node: Lubna Azabal at Depth 2
 Node: Robin Wright at Depth 2
Total time for traversal: 7.1389 seconds.
